2025-03-09 19:24:30,354 INFO o.a.j.u.JMeterUtils: Setting Locale to en_EN
2025-03-09 19:24:30,368 INFO o.a.j.JMeter: Loading user properties from: /opt/homebrew/Cellar/jmeter/5.6.3/libexec/bin/user.properties
2025-03-09 19:24:30,369 INFO o.a.j.JMeter: Loading system properties from: /opt/homebrew/Cellar/jmeter/5.6.3/libexec/bin/system.properties
2025-03-09 19:24:30,373 INFO o.a.j.JMeter: Copyright (c) 1998-2024 The Apache Software Foundation
2025-03-09 19:24:30,373 INFO o.a.j.JMeter: Version 5.6.3
2025-03-09 19:24:30,373 INFO o.a.j.JMeter: java.version=21.0.6
2025-03-09 19:24:30,373 INFO o.a.j.JMeter: java.vm.name=OpenJDK 64-Bit Server VM
2025-03-09 19:24:30,373 INFO o.a.j.JMeter: os.name=Mac OS X
2025-03-09 19:24:30,373 INFO o.a.j.JMeter: os.arch=aarch64
2025-03-09 19:24:30,373 INFO o.a.j.JMeter: os.version=14.6.1
2025-03-09 19:24:30,373 INFO o.a.j.JMeter: file.encoding=UTF-8
2025-03-09 19:24:30,373 INFO o.a.j.JMeter: java.awt.headless=null
2025-03-09 19:24:30,373 INFO o.a.j.JMeter: Max memory     =1073741824
2025-03-09 19:24:30,373 INFO o.a.j.JMeter: Available Processors =8
2025-03-09 19:24:30,381 INFO o.a.j.JMeter: Default Locale=English (EN)
2025-03-09 19:24:30,381 INFO o.a.j.JMeter: JMeter  Locale=English (EN)
2025-03-09 19:24:30,382 INFO o.a.j.JMeter: JMeterHome=/opt/homebrew/Cellar/jmeter/5.6.3/libexec
2025-03-09 19:24:30,382 INFO o.a.j.JMeter: user.dir  =/Users/mac/Desktop/CMPT371/term-project-2025-team-3/sk-vaccine-app
2025-03-09 19:24:30,382 INFO o.a.j.JMeter: PWD       =/Users/mac/Desktop/CMPT371/term-project-2025-team-3/sk-vaccine-app
2025-03-09 19:24:30,383 INFO o.a.j.JMeter: IP: 127.0.0.1 Name: MacBook-Pro.local FullName: localhost
2025-03-09 19:24:30,391 INFO o.a.j.JMeter: Loaded icon properties from org/apache/jmeter/images/icon.properties
2025-03-09 19:24:30,743 INFO o.a.j.JMeterGuiLauncher: Setting LAF to: com.github.weisj.darklaf.DarkLaf:com.github.weisj.darklaf.theme.DarculaTheme
2025-03-09 19:24:31,750 INFO o.a.j.r.ClassFinder: Will scan jar /opt/homebrew/Cellar/jmeter/5.6.3/libexec/lib/ext/jmeter-plugins-manager-1.9.jar with filter ExtendsClassFilter [parents=[interface org.apache.jmeter.gui.action.Command], inner=false, contains=null, notContains=null]. Consider exposing JMeter plugins via META-INF/services, and add JMeter-Skip-Class-Scanning=true manifest attribute so JMeter can skip classfile scanning
2025-03-09 19:24:31,819 INFO o.a.j.r.ClassFinder: Will scan jar /opt/homebrew/Cellar/jmeter/5.6.3/libexec/lib/ext/jmeter-plugins-manager-1.9.jar with filter ExtendsClassFilter [parents=[interface org.apache.jmeter.gui.plugin.MenuCreator], inner=false, contains=null, notContains=null]. Consider exposing JMeter plugins via META-INF/services, and add JMeter-Skip-Class-Scanning=true manifest attribute so JMeter can skip classfile scanning
2025-03-09 19:24:31,883 INFO o.j.r.JARSourceHTTP: Requesting https://jmeter-plugins.org/repo/?installID=mac_os_x-c2fc7836320f77b45e7b45a41a082149-gui
2025-03-09 19:24:33,163 INFO o.j.r.PluginManager: Plugins Status: [jpgc-plugins-manager=1.9, jmeter-core=5.6.3, jmeter-ftp=5.6.3, jmeter-http=5.6.3, jmeter-jdbc=5.6.3, jmeter-jms=5.6.3, jmeter-junit=5.6.3, jmeter-java=5.6.3, jmeter-ldap=5.6.3, jmeter-mail=5.6.3, jmeter-mongodb=5.6.3, jmeter-native=5.6.3, jmeter-tcp=5.6.3, jmeter-components=5.6.3]
2025-03-09 19:24:33,164 INFO o.j.r.PluginManagerMenuItem: Plugins Manager has upgrades: [jpgc-plugins-manager]
2025-03-09 19:24:39,615 INFO o.a.j.s.FileServer: Default base='/Users/mac/Desktop/CMPT371/term-project-2025-team-3/sk-vaccine-app'
2025-03-09 19:24:39,617 INFO o.a.j.g.a.Load: Loading file: /Users/mac/Desktop/CMPT371/term-project-2025-team-3/sk-vaccine-app/Summary_Report.jmx
2025-03-09 19:24:39,617 INFO o.a.j.s.FileServer: Set new base='/Users/mac/Desktop/CMPT371/term-project-2025-team-3/sk-vaccine-app'
2025-03-09 19:24:39,703 INFO o.a.j.s.SaveService: Testplan (JMX) version: 2.2. Testlog (JTL) version: 2.2
2025-03-09 19:24:39,706 INFO o.a.j.s.SaveService: Using SaveService properties version 5.0
2025-03-09 19:24:39,707 INFO o.a.j.s.SaveService: Using SaveService properties file encoding UTF-8
2025-03-09 19:24:39,708 INFO o.a.j.s.SaveService: Loading file: /Users/mac/Desktop/CMPT371/term-project-2025-team-3/sk-vaccine-app/Summary_Report.jmx
2025-03-09 19:24:39,747 INFO o.a.j.p.h.s.HTTPSamplerBase: Parser for text/html is org.apache.jmeter.protocol.http.parser.LagartoBasedHtmlParser
2025-03-09 19:24:39,747 INFO o.a.j.p.h.s.HTTPSamplerBase: Parser for application/xhtml+xml is org.apache.jmeter.protocol.http.parser.LagartoBasedHtmlParser
2025-03-09 19:24:39,747 INFO o.a.j.p.h.s.HTTPSamplerBase: Parser for application/xml is org.apache.jmeter.protocol.http.parser.LagartoBasedHtmlParser
2025-03-09 19:24:39,747 INFO o.a.j.p.h.s.HTTPSamplerBase: Parser for text/xml is org.apache.jmeter.protocol.http.parser.LagartoBasedHtmlParser
2025-03-09 19:24:39,747 INFO o.a.j.p.h.s.HTTPSamplerBase: Parser for text/vnd.wap.wml is org.apache.jmeter.protocol.http.parser.RegexpHTMLParser
2025-03-09 19:24:39,747 INFO o.a.j.p.h.s.HTTPSamplerBase: Parser for text/css is org.apache.jmeter.protocol.http.parser.CssParser
2025-03-09 19:24:39,848 INFO o.a.j.s.SampleResult: Note: Sample TimeStamps are START times
2025-03-09 19:24:39,848 INFO o.a.j.s.SampleResult: sampleresult.default.encoding is set to UTF-8
2025-03-09 19:24:39,848 INFO o.a.j.s.SampleResult: sampleresult.useNanoTime=true
2025-03-09 19:24:39,848 INFO o.a.j.s.SampleResult: sampleresult.nanoThreadSleep=5000
2025-03-09 19:24:39,909 INFO o.a.j.r.ClassFinder: Will scan jar /opt/homebrew/Cellar/jmeter/5.6.3/libexec/lib/ext/jmeter-plugins-manager-1.9.jar with filter ExtendsClassFilter [parents=[interface org.apache.jmeter.visualizers.ResultRenderer], inner=false, contains=null, notContains=null]. Consider exposing JMeter plugins via META-INF/services, and add JMeter-Skip-Class-Scanning=true manifest attribute so JMeter can skip classfile scanning
2025-03-09 19:24:39,921 INFO o.a.j.r.ClassFinder: Will scan jar /opt/homebrew/Cellar/jmeter/5.6.3/libexec/lib/ext/jmeter-plugins-manager-1.9.jar with filter ExtendsClassFilter [parents=[interface org.apache.jmeter.visualizers.RequestView], inner=false, contains=null, notContains=null]. Consider exposing JMeter plugins via META-INF/services, and add JMeter-Skip-Class-Scanning=true manifest attribute so JMeter can skip classfile scanning
2025-03-09 19:24:39,959 INFO o.a.j.s.FileServer: Set new base='/Users/mac/Desktop/CMPT371/term-project-2025-team-3/sk-vaccine-app'
2025-03-09 19:25:08,377 INFO o.a.j.e.StandardJMeterEngine: Running the test!
2025-03-09 19:25:08,378 INFO o.a.j.s.SampleEvent: List of sample_variables: []
2025-03-09 19:25:08,378 INFO o.a.j.s.SampleEvent: List of sample_variables: []
2025-03-09 19:25:08,380 INFO o.a.j.e.u.CompoundVariable: Note: Function class names must contain the string: '.functions.'
2025-03-09 19:25:08,380 INFO o.a.j.e.u.CompoundVariable: Note: Function class names must not contain the string: '.gui.'
2025-03-09 19:25:08,412 INFO o.a.j.r.ClassFinder: Will scan jar /opt/homebrew/Cellar/jmeter/5.6.3/libexec/lib/ext/jmeter-plugins-manager-1.9.jar with filter ExtendsClassFilter [parents=[interface org.apache.jmeter.functions.Function], inner=false, contains=null, notContains=null]. Consider exposing JMeter plugins via META-INF/services, and add JMeter-Skip-Class-Scanning=true manifest attribute so JMeter can skip classfile scanning
2025-03-09 19:25:08,416 INFO o.a.j.g.u.JMeterMenuBar: setRunning(true, *local*)
2025-03-09 19:25:08,445 INFO o.a.j.e.StandardJMeterEngine: Starting ThreadGroup: 1 : Thread Group
2025-03-09 19:25:08,445 INFO o.a.j.e.StandardJMeterEngine: Starting 1 threads for group Thread Group.
2025-03-09 19:25:08,445 INFO o.a.j.e.StandardJMeterEngine: Thread will continue on error
2025-03-09 19:25:08,445 INFO o.a.j.t.ThreadGroup: Starting thread group... number=1 threads=1 ramp-up=1 delayedStart=false
2025-03-09 19:25:08,446 INFO o.a.j.t.ThreadGroup: Started thread group number 1
2025-03-09 19:25:08,446 INFO o.a.j.e.StandardJMeterEngine: All thread groups have been started
2025-03-09 19:25:08,447 INFO o.a.j.t.JMeterThread: Thread started: Thread Group 1-1
2025-03-09 19:25:08,451 INFO o.a.j.p.h.s.HTTPHCAbstractImpl: Local host = MacBook-Pro.local
2025-03-09 19:25:08,455 INFO o.a.j.p.h.s.HTTPHC4Impl: HTTP request retry count = 0
2025-03-09 19:25:08,478 INFO o.a.j.t.JMeterThread: Thread is done: Thread Group 1-1
2025-03-09 19:25:08,478 INFO o.a.j.t.JMeterThread: Thread finished: Thread Group 1-1
2025-03-09 19:25:08,478 INFO o.a.j.e.StandardJMeterEngine: Notifying test listeners of end of test
2025-03-09 19:25:08,478 INFO o.a.j.g.u.JMeterMenuBar: setRunning(false, *local*)
2025-03-09 19:33:37,868 INFO o.a.j.e.KeyToolUtils: keytool found at 'keytool'
2025-03-09 19:33:37,870 INFO o.a.j.p.h.p.ProxyControl: HTTP(S) Test Script Recorder SSL Proxy will use keys that support embedded 3rd party resources in file /opt/homebrew/Cellar/jmeter/5.6.3/libexec/bin/proxyserver.jks
2025-03-09 19:34:04,852 INFO o.a.j.r.ClassFinder: Will scan jar /opt/homebrew/Cellar/jmeter/5.6.3/libexec/lib/ext/jmeter-plugins-manager-1.9.jar with filter ExtendsClassFilter [parents=[interface org.apache.jmeter.visualizers.ResultRenderer], inner=false, contains=null, notContains=null]. Consider exposing JMeter plugins via META-INF/services, and add JMeter-Skip-Class-Scanning=true manifest attribute so JMeter can skip classfile scanning
2025-03-09 19:34:04,867 INFO o.a.j.r.ClassFinder: Will scan jar /opt/homebrew/Cellar/jmeter/5.6.3/libexec/lib/ext/jmeter-plugins-manager-1.9.jar with filter ExtendsClassFilter [parents=[interface org.apache.jmeter.visualizers.RequestView], inner=false, contains=null, notContains=null]. Consider exposing JMeter plugins via META-INF/services, and add JMeter-Skip-Class-Scanning=true manifest attribute so JMeter can skip classfile scanning
